# JRE version: OpenJDK Runtime Environment (8.0_131-b11) (build 1.8.0_131-8u131-b11-2ubuntu1.16.04.2-b11)
# Java VM: OpenJDK 64-Bit Server VM (25.131-b11 mixed mode linux-amd64 compressed oops)
Heap:
 PSYoungGen      total 235008K, used 46193K [0x00000000d6f00000, 0x00000000eda00000, 0x0000000100000000)
  eden space 232448K, 19% used [0x00000000d6f00000,0x00000000d9c1c740,0x00000000e5200000)
  from space 2560K, 0% used [0x00000000e5200000,0x00000000e5200000,0x00000000e5480000)
  to   space 2560K, 0% used [0x00000000ed780000,0x00000000ed780000,0x00000000eda00000)
 ParOldGen       total 182272K, used 73118K [0x0000000084c00000, 0x000000008fe00000, 0x00000000d6f00000)
  object space 182272K, 40% used [0x0000000084c00000,0x0000000089367938,0x000000008fe00000)
 Metaspace       used 20045K, capacity 20248K, committed 20480K, reserved 1067008K
  class space    used 2463K, capacity 2542K, committed 2560K, reserved 1048576K
GC Heap History (10 events):
Event: 38,173 GC heap before
{Heap before GC invocations=7 (full 1):
 PSYoungGen      total 66560K, used 61504K [0x00000000d6f00000, 0x00000000dea00000, 0x0000000100000000)
  eden space 61440K, 100% used [0x00000000d6f00000,0x00000000dab00000,0x00000000dab00000)
  from space 5120K, 1% used [0x00000000dab00000,0x00000000dab10000,0x00000000db000000)
  to   space 3072K, 0% used [0x00000000de700000,0x00000000de700000,0x00000000dea00000)
 ParOldGen       total 110080K, used 46972K [0x0000000084c00000, 0x000000008b780000, 0x00000000d6f00000)
  object space 110080K, 42% used [0x0000000084c00000,0x00000000879df2d0,0x000000008b780000)
 Metaspace       used 15336K, capacity 15538K, committed 15872K, reserved 1062912K
  class space    used 1843K, capacity 1933K, committed 2048K, reserved 1048576K
Event: 38,174 GC heap after
Heap after GC invocations=7 (full 1):
 PSYoungGen      total 121856K, used 64K [0x00000000d6f00000, 0x00000000de900000, 0x0000000100000000)
  eden space 119808K, 0% used [0x00000000d6f00000,0x00000000d6f00000,0x00000000de400000)
  from space 2048K, 3% used [0x00000000de700000,0x00000000de710000,0x00000000de900000)
  to   space 2560K, 0% used [0x00000000de400000,0x00000000de400000,0x00000000de680000)
 ParOldGen       total 110080K, used 46972K [0x0000000084c00000, 0x000000008b780000, 0x00000000d6f00000)
  object space 110080K, 42% used [0x0000000084c00000,0x00000000879df2d0,0x000000008b780000)
 Metaspace       used 15336K, capacity 15538K, committed 15872K, reserved 1062912K
  class space    used 1843K, capacity 1933K, committed 2048K, reserved 1048576K
}
Event: 38,312 GC heap before
{Heap before GC invocations=8 (full 1):
 PSYoungGen      total 121856K, used 119872K [0x00000000d6f00000, 0x00000000de900000, 0x0000000100000000)
  eden space 119808K, 100% used [0x00000000d6f00000,0x00000000de400000,0x00000000de400000)
  from space 2048K, 3% used [0x00000000de700000,0x00000000de710000,0x00000000de900000)
  to   space 2560K, 0% used [0x00000000de400000,0x00000000de400000,0x00000000de680000)
 ParOldGen       total 110080K, used 46972K [0x0000000084c00000, 0x000000008b780000, 0x00000000d6f00000)
  object space 110080K, 42% used [0x0000000084c00000,0x00000000879df2d0,0x000000008b780000)
 Metaspace       used 15336K, capacity 15538K, committed 15872K, reserved 1062912K
  class space    used 1843K, capacity 1933K, committed 2048K, reserved 1048576K
Event: 38,313 GC heap after
Heap after GC invocations=8 (full 1):
 PSYoungGen      total 122368K, used 0K [0x00000000d6f00000, 0x00000000e5780000, 0x0000000100000000)
  eden space 119808K, 0% used [0x00000000d6f00000,0x00000000d6f00000,0x00000000de400000)
  from space 2560K, 0% used [0x00000000de400000,0x00000000de400000,0x00000000de680000)
  to   space 2560K, 0% used [0x00000000e5500000,0x00000000e5500000,0x00000000e5780000)
 ParOldGen       total 110080K, used 46988K [0x0000000084c00000, 0x000000008b780000, 0x00000000d6f00000)
  object space 110080K, 42% used [0x0000000084c00000,0x00000000879e32d0,0x000000008b780000)
 Metaspace       used 15336K, capacity 15538K, committed 15872K, reserved 1062912K
  class space    used 1843K, capacity 1933K, committed 2048K, reserved 1048576K
}
Event: 38,448 GC heap before
{Heap before GC invocations=9 (full 1):
 PSYoungGen      total 122368K, used 100515K [0x00000000d6f00000, 0x00000000e5780000, 0x0000000100000000)
  eden space 119808K, 83% used [0x00000000d6f00000,0x00000000dd128cf8,0x00000000de400000)
  from space 2560K, 0% used [0x00000000de400000,0x00000000de400000,0x00000000de680000)
  to   space 2560K, 0% used [0x00000000e5500000,0x00000000e5500000,0x00000000e5780000)
 ParOldGen       total 110080K, used 46988K [0x0000000084c00000, 0x000000008b780000, 0x00000000d6f00000)
  object space 110080K, 42% used [0x0000000084c00000,0x00000000879e32d0,0x000000008b780000)
 Metaspace       used 15336K, capacity 15538K, committed 15872K, reserved 1062912K
  class space    used 1843K, capacity 1933K, committed 2048K, reserved 1048576K
Event: 38,450 GC heap after
Heap after GC invocations=9 (full 1):
 PSYoungGen      total 234496K, used 160K [0x00000000d6f00000, 0x00000000e5700000, 0x0000000100000000)
  eden space 232448K, 0% used [0x00000000d6f00000,0x00000000d6f00000,0x00000000e5200000)
  from space 2048K, 7% used [0x00000000e5500000,0x00000000e5528000,0x00000000e5700000)
  to   space 2560K, 0% used [0x00000000e5200000,0x00000000e5200000,0x00000000e5480000)
 ParOldGen       total 110080K, used 46988K [0x0000000084c00000, 0x000000008b780000, 0x00000000d6f00000)
  object space 110080K, 42% used [0x0000000084c00000,0x00000000879e32d0,0x000000008b780000)
 Metaspace       used 15336K, capacity 15538K, committed 15872K, reserved 1062912K
  class space    used 1843K, capacity 1933K, committed 2048K, reserved 1048576K
}
Event: 39,003 GC heap before
{Heap before GC invocations=10 (full 1):
 PSYoungGen      total 234496K, used 232608K [0x00000000d6f00000, 0x00000000e5700000, 0x0000000100000000)
  eden space 232448K, 100% used [0x00000000d6f00000,0x00000000e5200000,0x00000000e5200000)
  from space 2048K, 7% used [0x00000000e5500000,0x00000000e5528000,0x00000000e5700000)
  to   space 2560K, 0% used [0x00000000e5200000,0x00000000e5200000,0x00000000e5480000)
 ParOldGen       total 110080K, used 46988K [0x0000000084c00000, 0x000000008b780000, 0x00000000d6f00000)
  object space 110080K, 42% used [0x0000000084c00000,0x00000000879e32d0,0x000000008b780000)
 Metaspace       used 15417K, capacity 15602K, committed 15872K, reserved 1062912K
  class space    used 1848K, capacity 1933K, committed 2048K, reserved 1048576K
Event: 39,028 GC heap after
Heap after GC invocations=10 (full 1):
 PSYoungGen      total 235008K, used 160K [0x00000000d6f00000, 0x00000000eda00000, 0x0000000100000000)
  eden space 232448K, 0% used [0x00000000d6f00000,0x00000000d6f00000,0x00000000e5200000)
  from space 2560K, 6% used [0x00000000e5200000,0x00000000e5228000,0x00000000e5480000)
  to   space 2560K, 0% used [0x00000000ed780000,0x00000000ed780000,0x00000000eda00000)
 ParOldGen       total 181760K, used 153506K [0x0000000084c00000, 0x000000008fd80000, 0x00000000d6f00000)
  object space 181760K, 84% used [0x0000000084c00000,0x000000008e1e8838,0x000000008fd80000)
 Metaspace       used 15417K, capacity 15602K, committed 15872K, reserved 1062912K
  class space    used 1848K, capacity 1933K, committed 2048K, reserved 1048576K
}
Event: 39,028 GC heap before
{Heap before GC invocations=11 (full 2):
 PSYoungGen      total 235008K, used 160K [0x00000000d6f00000, 0x00000000eda00000, 0x0000000100000000)
  eden space 232448K, 0% used [0x00000000d6f00000,0x00000000d6f00000,0x00000000e5200000)
  from space 2560K, 6% used [0x00000000e5200000,0x00000000e5228000,0x00000000e5480000)
  to   space 2560K, 0% used [0x00000000ed780000,0x00000000ed780000,0x00000000eda00000)
 ParOldGen       total 181760K, used 153506K [0x0000000084c00000, 0x000000008fd80000, 0x00000000d6f00000)
  object space 181760K, 84% used [0x0000000084c00000,0x000000008e1e8838,0x000000008fd80000)
 Metaspace       used 15417K, capacity 15602K, committed 15872K, reserved 1062912K
  class space    used 1848K, capacity 1933K, committed 2048K, reserved 1048576K
Event: 39,059 GC heap after
Heap after GC invocations=11 (full 2):
 PSYoungGen      total 235008K, used 0K [0x00000000d6f00000, 0x00000000eda00000, 0x0000000100000000)
  eden space 232448K, 0% used [0x00000000d6f00000,0x00000000d6f00000,0x00000000e5200000)
  from space 2560K, 0% used [0x00000000e5200000,0x00000000e5200000,0x00000000e5480000)
  to   space 2560K, 0% used [0x00000000ed780000,0x00000000ed780000,0x00000000eda00000)
 ParOldGen       total 182272K, used 73118K [0x0000000084c00000, 0x000000008fe00000, 0x00000000d6f00000)
  object space 182272K, 40% used [0x0000000084c00000,0x0000000089367938,0x000000008fe00000)
 Metaspace       used 15417K, capacity 15602K, committed 15872K, reserved 1062912K
  class space    used 1848K, capacity 1933K, committed 2048K, reserved 1048576K
}

