# JRE version: OpenJDK Runtime Environment (8.0_131-b11) (build 1.8.0_131-8u131-b11-2ubuntu1.16.04.2-b11)
# Java VM: OpenJDK 64-Bit Server VM (25.131-b11 mixed mode linux-amd64 compressed oops)
Heap:
 PSYoungGen      total 245248K, used 32733K [0x00000000d6f00000, 0x00000000eeb00000, 0x0000000100000000)
  eden space 242688K, 13% used [0x00000000d6f00000,0x00000000d8ef77f8,0x00000000e5c00000)
  from space 2560K, 0% used [0x00000000e5c00000,0x00000000e5c00000,0x00000000e5e80000)
  to   space 2048K, 0% used [0x00000000ee900000,0x00000000ee900000,0x00000000eeb00000)
 ParOldGen       total 179200K, used 73127K [0x0000000084c00000, 0x000000008fb00000, 0x00000000d6f00000)
  object space 179200K, 40% used [0x0000000084c00000,0x0000000089369d50,0x000000008fb00000)
 Metaspace       used 20166K, capacity 20412K, committed 20864K, reserved 1067008K
  class space    used 2474K, capacity 2574K, committed 2688K, reserved 1048576K
GC Heap History (10 events):
Event: 33,926 GC heap before
{Heap before GC invocations=7 (full 1):
 PSYoungGen      total 67584K, used 62496K [0x00000000d6f00000, 0x00000000ded80000, 0x0000000100000000)
  eden space 62464K, 100% used [0x00000000d6f00000,0x00000000dac00000,0x00000000dac00000)
  from space 5120K, 0% used [0x00000000dac00000,0x00000000dac08000,0x00000000db100000)
  to   space 3072K, 0% used [0x00000000dea80000,0x00000000dea80000,0x00000000ded80000)
 ParOldGen       total 110080K, used 46980K [0x0000000084c00000, 0x000000008b780000, 0x00000000d6f00000)
  object space 110080K, 42% used [0x0000000084c00000,0x00000000879e1248,0x000000008b780000)
 Metaspace       used 15454K, capacity 15598K, committed 15872K, reserved 1062912K
  class space    used 1857K, capacity 1933K, committed 2048K, reserved 1048576K
Event: 33,928 GC heap after
Heap after GC invocations=7 (full 1):
 PSYoungGen      total 125440K, used 64K [0x00000000d6f00000, 0x00000000dec80000, 0x0000000100000000)
  eden space 123392K, 0% used [0x00000000d6f00000,0x00000000d6f00000,0x00000000de780000)
  from space 2048K, 3% used [0x00000000dea80000,0x00000000dea90000,0x00000000dec80000)
  to   space 2560K, 0% used [0x00000000de780000,0x00000000de780000,0x00000000dea00000)
 ParOldGen       total 110080K, used 46980K [0x0000000084c00000, 0x000000008b780000, 0x00000000d6f00000)
  object space 110080K, 42% used [0x0000000084c00000,0x00000000879e1248,0x000000008b780000)
 Metaspace       used 15454K, capacity 15598K, committed 15872K, reserved 1062912K
  class space    used 1857K, capacity 1933K, committed 2048K, reserved 1048576K
}
Event: 34,088 GC heap before
{Heap before GC invocations=8 (full 1):
 PSYoungGen      total 125440K, used 123456K [0x00000000d6f00000, 0x00000000dec80000, 0x0000000100000000)
  eden space 123392K, 100% used [0x00000000d6f00000,0x00000000de780000,0x00000000de780000)
  from space 2048K, 3% used [0x00000000dea80000,0x00000000dea90000,0x00000000dec80000)
  to   space 2560K, 0% used [0x00000000de780000,0x00000000de780000,0x00000000dea00000)
 ParOldGen       total 110080K, used 46980K [0x0000000084c00000, 0x000000008b780000, 0x00000000d6f00000)
  object space 110080K, 42% used [0x0000000084c00000,0x00000000879e1248,0x000000008b780000)
 Metaspace       used 15454K, capacity 15598K, committed 15872K, reserved 1062912K
  class space    used 1857K, capacity 1933K, committed 2048K, reserved 1048576K
Event: 34,090 GC heap after
Heap after GC invocations=8 (full 1):
 PSYoungGen      total 125952K, used 32K [0x00000000d6f00000, 0x00000000e6100000, 0x0000000100000000)
  eden space 123392K, 0% used [0x00000000d6f00000,0x00000000d6f00000,0x00000000de780000)
  from space 2560K, 1% used [0x00000000de780000,0x00000000de788000,0x00000000dea00000)
  to   space 2560K, 0% used [0x00000000e5e80000,0x00000000e5e80000,0x00000000e6100000)
 ParOldGen       total 110080K, used 46988K [0x0000000084c00000, 0x000000008b780000, 0x00000000d6f00000)
  object space 110080K, 42% used [0x0000000084c00000,0x00000000879e3248,0x000000008b780000)
 Metaspace       used 15454K, capacity 15598K, committed 15872K, reserved 1062912K
  class space    used 1857K, capacity 1933K, committed 2048K, reserved 1048576K
}
Event: 34,248 GC heap before
{Heap before GC invocations=9 (full 1):
 PSYoungGen      total 125952K, used 98816K [0x00000000d6f00000, 0x00000000e6100000, 0x0000000100000000)
  eden space 123392K, 80% used [0x00000000d6f00000,0x00000000dcf781f0,0x00000000de780000)
  from space 2560K, 1% used [0x00000000de780000,0x00000000de788000,0x00000000dea00000)
  to   space 2560K, 0% used [0x00000000e5e80000,0x00000000e5e80000,0x00000000e6100000)
 ParOldGen       total 110080K, used 46988K [0x0000000084c00000, 0x000000008b780000, 0x00000000d6f00000)
  object space 110080K, 42% used [0x0000000084c00000,0x00000000879e3248,0x000000008b780000)
 Metaspace       used 15454K, capacity 15598K, committed 15872K, reserved 1062912K
  class space    used 1857K, capacity 1933K, committed 2048K, reserved 1048576K
Event: 34,251 GC heap after
Heap after GC invocations=9 (full 1):
 PSYoungGen      total 245248K, used 64K [0x00000000d6f00000, 0x00000000e6100000, 0x0000000100000000)
  eden space 242688K, 0% used [0x00000000d6f00000,0x00000000d6f00000,0x00000000e5c00000)
  from space 2560K, 2% used [0x00000000e5e80000,0x00000000e5e90000,0x00000000e6100000)
  to   space 2560K, 0% used [0x00000000e5c00000,0x00000000e5c00000,0x00000000e5e80000)
 ParOldGen       total 110080K, used 46988K [0x0000000084c00000, 0x000000008b780000, 0x00000000d6f00000)
  object space 110080K, 42% used [0x0000000084c00000,0x00000000879e3248,0x000000008b780000)
 Metaspace       used 15454K, capacity 15598K, committed 15872K, reserved 1062912K
  class space    used 1857K, capacity 1933K, committed 2048K, reserved 1048576K
}
Event: 34,888 GC heap before
{Heap before GC invocations=10 (full 1):
 PSYoungGen      total 245248K, used 242752K [0x00000000d6f00000, 0x00000000e6100000, 0x0000000100000000)
  eden space 242688K, 100% used [0x00000000d6f00000,0x00000000e5c00000,0x00000000e5c00000)
  from space 2560K, 2% used [0x00000000e5e80000,0x00000000e5e90000,0x00000000e6100000)
  to   space 2560K, 0% used [0x00000000e5c00000,0x00000000e5c00000,0x00000000e5e80000)
 ParOldGen       total 110080K, used 46988K [0x0000000084c00000, 0x000000008b780000, 0x00000000d6f00000)
  object space 110080K, 42% used [0x0000000084c00000,0x00000000879e3248,0x000000008b780000)
 Metaspace       used 15535K, capacity 15790K, committed 16128K, reserved 1062912K
  class space    used 1862K, capacity 1933K, committed 2048K, reserved 1048576K
Event: 34,916 GC heap after
Heap after GC invocations=10 (full 1):
 PSYoungGen      total 245248K, used 160K [0x00000000d6f00000, 0x00000000eeb00000, 0x0000000100000000)
  eden space 242688K, 0% used [0x00000000d6f00000,0x00000000d6f00000,0x00000000e5c00000)
  from space 2560K, 6% used [0x00000000e5c00000,0x00000000e5c28000,0x00000000e5e80000)
  to   space 2048K, 0% used [0x00000000ee900000,0x00000000ee900000,0x00000000eeb00000)
 ParOldGen       total 181760K, used 153505K [0x0000000084c00000, 0x000000008fd80000, 0x00000000d6f00000)
  object space 181760K, 84% used [0x0000000084c00000,0x000000008e1e87b0,0x000000008fd80000)
 Metaspace       used 15535K, capacity 15790K, committed 16128K, reserved 1062912K
  class space    used 1862K, capacity 1933K, committed 2048K, reserved 1048576K
}
Event: 34,916 GC heap before
{Heap before GC invocations=11 (full 2):
 PSYoungGen      total 245248K, used 160K [0x00000000d6f00000, 0x00000000eeb00000, 0x0000000100000000)
  eden space 242688K, 0% used [0x00000000d6f00000,0x00000000d6f00000,0x00000000e5c00000)
  from space 2560K, 6% used [0x00000000e5c00000,0x00000000e5c28000,0x00000000e5e80000)
  to   space 2048K, 0% used [0x00000000ee900000,0x00000000ee900000,0x00000000eeb00000)
 ParOldGen       total 181760K, used 153505K [0x0000000084c00000, 0x000000008fd80000, 0x00000000d6f00000)
  object space 181760K, 84% used [0x0000000084c00000,0x000000008e1e87b0,0x000000008fd80000)
 Metaspace       used 15535K, capacity 15790K, committed 16128K, reserved 1062912K
  class space    used 1862K, capacity 1933K, committed 2048K, reserved 1048576K
Event: 34,939 GC heap after
Heap after GC invocations=11 (full 2):
 PSYoungGen      total 245248K, used 0K [0x00000000d6f00000, 0x00000000eeb00000, 0x0000000100000000)
  eden space 242688K, 0% used [0x00000000d6f00000,0x00000000d6f00000,0x00000000e5c00000)
  from space 2560K, 0% used [0x00000000e5c00000,0x00000000e5c00000,0x00000000e5e80000)
  to   space 2048K, 0% used [0x00000000ee900000,0x00000000ee900000,0x00000000eeb00000)
 ParOldGen       total 179200K, used 73127K [0x0000000084c00000, 0x000000008fb00000, 0x00000000d6f00000)
  object space 179200K, 40% used [0x0000000084c00000,0x0000000089369d50,0x000000008fb00000)
 Metaspace       used 15535K, capacity 15790K, committed 16128K, reserved 1062912K
  class space    used 1862K, capacity 1933K, committed 2048K, reserved 1048576K
}

