# JRE version: OpenJDK Runtime Environment (8.0_131-b11) (build 1.8.0_131-8u131-b11-2ubuntu1.16.04.2-b11)
# Java VM: OpenJDK 64-Bit Server VM (25.131-b11 mixed mode linux-amd64 compressed oops)
Heap:
 PSYoungGen      total 293376K, used 204882K [0x00000000d6f00000, 0x00000000f1e80000, 0x0000000100000000)
  eden space 291328K, 70% used [0x00000000d6f00000,0x00000000e37148a8,0x00000000e8b80000)
  from space 2048K, 0% used [0x00000000e8b80000,0x00000000e8b80000,0x00000000e8d80000)
  to   space 2048K, 0% used [0x00000000f1c80000,0x00000000f1c80000,0x00000000f1e80000)
 ParOldGen       total 240128K, used 73134K [0x0000000084c00000, 0x0000000093680000, 0x00000000d6f00000)
  object space 240128K, 30% used [0x0000000084c00000,0x000000008936bae8,0x0000000093680000)
 Metaspace       used 20366K, capacity 20642K, committed 21120K, reserved 1067008K
  class space    used 2476K, capacity 2579K, committed 2688K, reserved 1048576K
GC Heap History (10 events):
Event: 62,599 GC heap before
{Heap before GC invocations=13 (full 2):
 PSYoungGen      total 199680K, used 197632K [0x00000000d6f00000, 0x00000000e3400000, 0x0000000100000000)
  eden space 197632K, 100% used [0x00000000d6f00000,0x00000000e3000000,0x00000000e3000000)
  from space 2048K, 0% used [0x00000000e3200000,0x00000000e3200000,0x00000000e3400000)
  to   space 2048K, 0% used [0x00000000e3000000,0x00000000e3000000,0x00000000e3200000)
 ParOldGen       total 177664K, used 82041K [0x0000000084c00000, 0x000000008f980000, 0x00000000d6f00000)
  object space 177664K, 46% used [0x0000000084c00000,0x0000000089c1e410,0x000000008f980000)
 Metaspace       used 15738K, capacity 15946K, committed 16384K, reserved 1062912K
  class space    used 1859K, capacity 1935K, committed 2048K, reserved 1048576K
Event: 62,627 GC heap after
Heap after GC invocations=13 (full 2):
 PSYoungGen      total 199680K, used 288K [0x00000000d6f00000, 0x00000000e8f80000, 0x0000000100000000)
  eden space 197632K, 0% used [0x00000000d6f00000,0x00000000d6f00000,0x00000000e3000000)
  from space 2048K, 14% used [0x00000000e3000000,0x00000000e3048000,0x00000000e3200000)
  to   space 2048K, 0% used [0x00000000e8d80000,0x00000000e8d80000,0x00000000e8f80000)
 ParOldGen       total 213504K, used 206309K [0x0000000084c00000, 0x0000000091c80000, 0x00000000d6f00000)
  object space 213504K, 96% used [0x0000000084c00000,0x00000000915797d8,0x0000000091c80000)
 Metaspace       used 15738K, capacity 15946K, committed 16384K, reserved 1062912K
  class space    used 1859K, capacity 1935K, committed 2048K, reserved 1048576K
}
Event: 62,627 GC heap before
{Heap before GC invocations=14 (full 3):
 PSYoungGen      total 199680K, used 288K [0x00000000d6f00000, 0x00000000e8f80000, 0x0000000100000000)
  eden space 197632K, 0% used [0x00000000d6f00000,0x00000000d6f00000,0x00000000e3000000)
  from space 2048K, 14% used [0x00000000e3000000,0x00000000e3048000,0x00000000e3200000)
  to   space 2048K, 0% used [0x00000000e8d80000,0x00000000e8d80000,0x00000000e8f80000)
 ParOldGen       total 213504K, used 206309K [0x0000000084c00000, 0x0000000091c80000, 0x00000000d6f00000)
  object space 213504K, 96% used [0x0000000084c00000,0x00000000915797d8,0x0000000091c80000)
 Metaspace       used 15738K, capacity 15946K, committed 16384K, reserved 1062912K
  class space    used 1859K, capacity 1935K, committed 2048K, reserved 1048576K
Event: 62,653 GC heap after
Heap after GC invocations=14 (full 3):
 PSYoungGen      total 199680K, used 0K [0x00000000d6f00000, 0x00000000e8f80000, 0x0000000100000000)
  eden space 197632K, 0% used [0x00000000d6f00000,0x00000000d6f00000,0x00000000e3000000)
  from space 2048K, 0% used [0x00000000e3000000,0x00000000e3000000,0x00000000e3200000)
  to   space 2048K, 0% used [0x00000000e8d80000,0x00000000e8d80000,0x00000000e8f80000)
 ParOldGen       total 183296K, used 46534K [0x0000000084c00000, 0x000000008ff00000, 0x00000000d6f00000)
  object space 183296K, 25% used [0x0000000084c00000,0x0000000087971be8,0x000000008ff00000)
 Metaspace       used 15738K, capacity 15946K, committed 16384K, reserved 1062912K
  class space    used 1859K, capacity 1935K, committed 2048K, reserved 1048576K
}
Event: 62,880 GC heap before
{Heap before GC invocations=15 (full 3):
 PSYoungGen      total 199680K, used 197632K [0x00000000d6f00000, 0x00000000e8f80000, 0x0000000100000000)
  eden space 197632K, 100% used [0x00000000d6f00000,0x00000000e3000000,0x00000000e3000000)
  from space 2048K, 0% used [0x00000000e3000000,0x00000000e3000000,0x00000000e3200000)
  to   space 2048K, 0% used [0x00000000e8d80000,0x00000000e8d80000,0x00000000e8f80000)
 ParOldGen       total 183296K, used 46534K [0x0000000084c00000, 0x000000008ff00000, 0x00000000d6f00000)
  object space 183296K, 25% used [0x0000000084c00000,0x0000000087971be8,0x000000008ff00000)
 Metaspace       used 15740K, capacity 15946K, committed 16384K, reserved 1062912K
  class space    used 1859K, capacity 1935K, committed 2048K, reserved 1048576K
Event: 62,881 GC heap after
Heap after GC invocations=15 (full 3):
 PSYoungGen      total 293376K, used 64K [0x00000000d6f00000, 0x00000000e9180000, 0x0000000100000000)
  eden space 291328K, 0% used [0x00000000d6f00000,0x00000000d6f00000,0x00000000e8b80000)
  from space 2048K, 3% used [0x00000000e8d80000,0x00000000e8d90000,0x00000000e8f80000)
  to   space 2048K, 0% used [0x00000000e8b80000,0x00000000e8b80000,0x00000000e8d80000)
 ParOldGen       total 183296K, used 46542K [0x0000000084c00000, 0x000000008ff00000, 0x00000000d6f00000)
  object space 183296K, 25% used [0x0000000084c00000,0x0000000087973be8,0x000000008ff00000)
 Metaspace       used 15740K, capacity 15946K, committed 16384K, reserved 1062912K
  class space    used 1859K, capacity 1935K, committed 2048K, reserved 1048576K
}
Event: 63,541 GC heap before
{Heap before GC invocations=16 (full 3):
 PSYoungGen      total 293376K, used 291392K [0x00000000d6f00000, 0x00000000e9180000, 0x0000000100000000)
  eden space 291328K, 100% used [0x00000000d6f00000,0x00000000e8b80000,0x00000000e8b80000)
  from space 2048K, 3% used [0x00000000e8d80000,0x00000000e8d90000,0x00000000e8f80000)
  to   space 2048K, 0% used [0x00000000e8b80000,0x00000000e8b80000,0x00000000e8d80000)
 ParOldGen       total 183296K, used 46542K [0x0000000084c00000, 0x000000008ff00000, 0x00000000d6f00000)
  object space 183296K, 25% used [0x0000000084c00000,0x0000000087973be8,0x000000008ff00000)
 Metaspace       used 15740K, capacity 15946K, committed 16384K, reserved 1062912K
  class space    used 1859K, capacity 1935K, committed 2048K, reserved 1048576K
Event: 63,564 GC heap after
Heap after GC invocations=16 (full 3):
 PSYoungGen      total 293376K, used 128K [0x00000000d6f00000, 0x00000000f1e80000, 0x0000000100000000)
  eden space 291328K, 0% used [0x00000000d6f00000,0x00000000d6f00000,0x00000000e8b80000)
  from space 2048K, 6% used [0x00000000e8b80000,0x00000000e8ba0000,0x00000000e8d80000)
  to   space 2048K, 0% used [0x00000000f1c80000,0x00000000f1c80000,0x00000000f1e80000)
 ParOldGen       total 183296K, used 153060K [0x0000000084c00000, 0x000000008ff00000, 0x00000000d6f00000)
  object space 183296K, 83% used [0x0000000084c00000,0x000000008e179150,0x000000008ff00000)
 Metaspace       used 15740K, capacity 15946K, committed 16384K, reserved 1062912K
  class space    used 1859K, capacity 1935K, committed 2048K, reserved 1048576K
}
Event: 63,564 GC heap before
{Heap before GC invocations=17 (full 4):
 PSYoungGen      total 293376K, used 128K [0x00000000d6f00000, 0x00000000f1e80000, 0x0000000100000000)
  eden space 291328K, 0% used [0x00000000d6f00000,0x00000000d6f00000,0x00000000e8b80000)
  from space 2048K, 6% used [0x00000000e8b80000,0x00000000e8ba0000,0x00000000e8d80000)
  to   space 2048K, 0% used [0x00000000f1c80000,0x00000000f1c80000,0x00000000f1e80000)
 ParOldGen       total 183296K, used 153060K [0x0000000084c00000, 0x000000008ff00000, 0x00000000d6f00000)
  object space 183296K, 83% used [0x0000000084c00000,0x000000008e179150,0x000000008ff00000)
 Metaspace       used 15740K, capacity 15946K, committed 16384K, reserved 1062912K
  class space    used 1859K, capacity 1935K, committed 2048K, reserved 1048576K
Event: 63,590 GC heap after
Heap after GC invocations=17 (full 4):
 PSYoungGen      total 293376K, used 0K [0x00000000d6f00000, 0x00000000f1e80000, 0x0000000100000000)
  eden space 291328K, 0% used [0x00000000d6f00000,0x00000000d6f00000,0x00000000e8b80000)
  from space 2048K, 0% used [0x00000000e8b80000,0x00000000e8b80000,0x00000000e8d80000)
  to   space 2048K, 0% used [0x00000000f1c80000,0x00000000f1c80000,0x00000000f1e80000)
 ParOldGen       total 240128K, used 73134K [0x0000000084c00000, 0x0000000093680000, 0x00000000d6f00000)
  object space 240128K, 30% used [0x0000000084c00000,0x000000008936bae8,0x0000000093680000)
 Metaspace       used 15740K, capacity 15946K, committed 16384K, reserved 1062912K
  class space    used 1859K, capacity 1935K, committed 2048K, reserved 1048576K
}

