# JRE version: OpenJDK Runtime Environment (8.0_131-b11) (build 1.8.0_131-8u131-b11-2ubuntu1.16.04.2-b11)
# Java VM: OpenJDK 64-Bit Server VM (25.131-b11 mixed mode linux-amd64 compressed oops)
Heap:
 PSYoungGen      total 244736K, used 32391K [0x00000000d6f00000, 0x00000000ee980000, 0x0000000100000000)
  eden space 242176K, 13% used [0x00000000d6f00000,0x00000000d8ea1c18,0x00000000e5b80000)
  from space 2560K, 0% used [0x00000000e5b80000,0x00000000e5b80000,0x00000000e5e00000)
  to   space 2048K, 0% used [0x00000000ee780000,0x00000000ee780000,0x00000000ee980000)
 ParOldGen       total 179712K, used 73119K [0x0000000084c00000, 0x000000008fb80000, 0x00000000d6f00000)
  object space 179712K, 40% used [0x0000000084c00000,0x0000000089367d78,0x000000008fb80000)
 Metaspace       used 20041K, capacity 20280K, committed 20608K, reserved 1067008K
  class space    used 2467K, capacity 2574K, committed 2688K, reserved 1048576K
GC Heap History (10 events):
Event: 40,486 GC heap before
{Heap before GC invocations=7 (full 1):
 PSYoungGen      total 67584K, used 62560K [0x00000000d6f00000, 0x00000000ded00000, 0x0000000100000000)
  eden space 62464K, 100% used [0x00000000d6f00000,0x00000000dac00000,0x00000000dac00000)
  from space 5120K, 1% used [0x00000000dac00000,0x00000000dac18000,0x00000000db100000)
  to   space 3072K, 0% used [0x00000000dea00000,0x00000000dea00000,0x00000000ded00000)
 ParOldGen       total 110080K, used 46975K [0x0000000084c00000, 0x000000008b780000, 0x00000000d6f00000)
  object space 110080K, 42% used [0x0000000084c00000,0x00000000879dfd38,0x000000008b780000)
 Metaspace       used 15325K, capacity 15538K, committed 15872K, reserved 1062912K
  class space    used 1849K, capacity 1933K, committed 2048K, reserved 1048576K
Event: 40,488 GC heap after
Heap after GC invocations=7 (full 1):
 PSYoungGen      total 125952K, used 96K [0x00000000d6f00000, 0x00000000dec80000, 0x0000000100000000)
  eden space 123392K, 0% used [0x00000000d6f00000,0x00000000d6f00000,0x00000000de780000)
  from space 2560K, 3% used [0x00000000dea00000,0x00000000dea18000,0x00000000dec80000)
  to   space 2560K, 0% used [0x00000000de780000,0x00000000de780000,0x00000000dea00000)
 ParOldGen       total 110080K, used 46975K [0x0000000084c00000, 0x000000008b780000, 0x00000000d6f00000)
  object space 110080K, 42% used [0x0000000084c00000,0x00000000879dfd38,0x000000008b780000)
 Metaspace       used 15325K, capacity 15538K, committed 15872K, reserved 1062912K
  class space    used 1849K, capacity 1933K, committed 2048K, reserved 1048576K
}
Event: 40,632 GC heap before
{Heap before GC invocations=8 (full 1):
 PSYoungGen      total 125952K, used 123488K [0x00000000d6f00000, 0x00000000dec80000, 0x0000000100000000)
  eden space 123392K, 100% used [0x00000000d6f00000,0x00000000de780000,0x00000000de780000)
  from space 2560K, 3% used [0x00000000dea00000,0x00000000dea18000,0x00000000dec80000)
  to   space 2560K, 0% used [0x00000000de780000,0x00000000de780000,0x00000000dea00000)
 ParOldGen       total 110080K, used 46975K [0x0000000084c00000, 0x000000008b780000, 0x00000000d6f00000)
  object space 110080K, 42% used [0x0000000084c00000,0x00000000879dfd38,0x000000008b780000)
 Metaspace       used 15325K, capacity 15538K, committed 15872K, reserved 1062912K
  class space    used 1849K, capacity 1933K, committed 2048K, reserved 1048576K
Event: 40,633 GC heap after
Heap after GC invocations=8 (full 1):
 PSYoungGen      total 125952K, used 32K [0x00000000d6f00000, 0x00000000e6080000, 0x0000000100000000)
  eden space 123392K, 0% used [0x00000000d6f00000,0x00000000d6f00000,0x00000000de780000)
  from space 2560K, 1% used [0x00000000de780000,0x00000000de788000,0x00000000dea00000)
  to   space 2560K, 0% used [0x00000000e5e00000,0x00000000e5e00000,0x00000000e6080000)
 ParOldGen       total 110080K, used 46991K [0x0000000084c00000, 0x000000008b780000, 0x00000000d6f00000)
  object space 110080K, 42% used [0x0000000084c00000,0x00000000879e3d38,0x000000008b780000)
 Metaspace       used 15325K, capacity 15538K, committed 15872K, reserved 1062912K
  class space    used 1849K, capacity 1933K, committed 2048K, reserved 1048576K
}
Event: 40,774 GC heap before
{Heap before GC invocations=9 (full 1):
 PSYoungGen      total 125952K, used 96063K [0x00000000d6f00000, 0x00000000e6080000, 0x0000000100000000)
  eden space 123392K, 77% used [0x00000000d6f00000,0x00000000dccc7da8,0x00000000de780000)
  from space 2560K, 1% used [0x00000000de780000,0x00000000de788000,0x00000000dea00000)
  to   space 2560K, 0% used [0x00000000e5e00000,0x00000000e5e00000,0x00000000e6080000)
 ParOldGen       total 110080K, used 46991K [0x0000000084c00000, 0x000000008b780000, 0x00000000d6f00000)
  object space 110080K, 42% used [0x0000000084c00000,0x00000000879e3d38,0x000000008b780000)
 Metaspace       used 15326K, capacity 15538K, committed 15872K, reserved 1062912K
  class space    used 1849K, capacity 1933K, committed 2048K, reserved 1048576K
Event: 40,775 GC heap after
Heap after GC invocations=9 (full 1):
 PSYoungGen      total 244736K, used 96K [0x00000000d6f00000, 0x00000000e6080000, 0x0000000100000000)
  eden space 242176K, 0% used [0x00000000d6f00000,0x00000000d6f00000,0x00000000e5b80000)
  from space 2560K, 3% used [0x00000000e5e00000,0x00000000e5e18000,0x00000000e6080000)
  to   space 2560K, 0% used [0x00000000e5b80000,0x00000000e5b80000,0x00000000e5e00000)
 ParOldGen       total 110080K, used 46991K [0x0000000084c00000, 0x000000008b780000, 0x00000000d6f00000)
  object space 110080K, 42% used [0x0000000084c00000,0x00000000879e3d38,0x000000008b780000)
 Metaspace       used 15326K, capacity 15538K, committed 15872K, reserved 1062912K
  class space    used 1849K, capacity 1933K, committed 2048K, reserved 1048576K
}
Event: 41,315 GC heap before
{Heap before GC invocations=10 (full 1):
 PSYoungGen      total 244736K, used 242272K [0x00000000d6f00000, 0x00000000e6080000, 0x0000000100000000)
  eden space 242176K, 100% used [0x00000000d6f00000,0x00000000e5b80000,0x00000000e5b80000)
  from space 2560K, 3% used [0x00000000e5e00000,0x00000000e5e18000,0x00000000e6080000)
  to   space 2560K, 0% used [0x00000000e5b80000,0x00000000e5b80000,0x00000000e5e00000)
 ParOldGen       total 110080K, used 46991K [0x0000000084c00000, 0x000000008b780000, 0x00000000d6f00000)
  object space 110080K, 42% used [0x0000000084c00000,0x00000000879e3d38,0x000000008b780000)
 Metaspace       used 15413K, capacity 15666K, committed 15872K, reserved 1062912K
  class space    used 1854K, capacity 1933K, committed 2048K, reserved 1048576K
Event: 41,338 GC heap after
Heap after GC invocations=10 (full 1):
 PSYoungGen      total 244736K, used 160K [0x00000000d6f00000, 0x00000000ee980000, 0x0000000100000000)
  eden space 242176K, 0% used [0x00000000d6f00000,0x00000000d6f00000,0x00000000e5b80000)
  from space 2560K, 6% used [0x00000000e5b80000,0x00000000e5ba8000,0x00000000e5e00000)
  to   space 2048K, 0% used [0x00000000ee780000,0x00000000ee780000,0x00000000ee980000)
 ParOldGen       total 181760K, used 153516K [0x0000000084c00000, 0x000000008fd80000, 0x00000000d6f00000)
  object space 181760K, 84% used [0x0000000084c00000,0x000000008e1eb2a0,0x000000008fd80000)
 Metaspace       used 15413K, capacity 15666K, committed 15872K, reserved 1062912K
  class space    used 1854K, capacity 1933K, committed 2048K, reserved 1048576K
}
Event: 41,338 GC heap before
{Heap before GC invocations=11 (full 2):
 PSYoungGen      total 244736K, used 160K [0x00000000d6f00000, 0x00000000ee980000, 0x0000000100000000)
  eden space 242176K, 0% used [0x00000000d6f00000,0x00000000d6f00000,0x00000000e5b80000)
  from space 2560K, 6% used [0x00000000e5b80000,0x00000000e5ba8000,0x00000000e5e00000)
  to   space 2048K, 0% used [0x00000000ee780000,0x00000000ee780000,0x00000000ee980000)
 ParOldGen       total 181760K, used 153516K [0x0000000084c00000, 0x000000008fd80000, 0x00000000d6f00000)
  object space 181760K, 84% used [0x0000000084c00000,0x000000008e1eb2a0,0x000000008fd80000)
 Metaspace       used 15413K, capacity 15666K, committed 15872K, reserved 1062912K
  class space    used 1854K, capacity 1933K, committed 2048K, reserved 1048576K
Event: 41,360 GC heap after
Heap after GC invocations=11 (full 2):
 PSYoungGen      total 244736K, used 0K [0x00000000d6f00000, 0x00000000ee980000, 0x0000000100000000)
  eden space 242176K, 0% used [0x00000000d6f00000,0x00000000d6f00000,0x00000000e5b80000)
  from space 2560K, 0% used [0x00000000e5b80000,0x00000000e5b80000,0x00000000e5e00000)
  to   space 2048K, 0% used [0x00000000ee780000,0x00000000ee780000,0x00000000ee980000)
 ParOldGen       total 179712K, used 73119K [0x0000000084c00000, 0x000000008fb80000, 0x00000000d6f00000)
  object space 179712K, 40% used [0x0000000084c00000,0x0000000089367d78,0x000000008fb80000)
 Metaspace       used 15413K, capacity 15666K, committed 15872K, reserved 1062912K
  class space    used 1854K, capacity 1933K, committed 2048K, reserved 1048576K
}

