# JRE version: OpenJDK Runtime Environment (8.0_131-b11) (build 1.8.0_131-8u131-b11-2ubuntu1.16.04.2-b11)
# Java VM: OpenJDK 64-Bit Server VM (25.131-b11 mixed mode linux-amd64 compressed oops)
Heap:
 PSYoungGen      total 205824K, used 195304K [0x00000000d6f00000, 0x00000000e3b80000, 0x0000000100000000)
  eden space 202752K, 96% used [0x00000000d6f00000,0x00000000e2dba230,0x00000000e3500000)
  from space 3072K, 0% used [0x00000000e3800000,0x00000000e3800000,0x00000000e3b00000)
  to   space 3072K, 0% used [0x00000000e3500000,0x00000000e3500000,0x00000000e3800000)
 ParOldGen       total 171520K, used 73172K [0x0000000084c00000, 0x000000008f380000, 0x00000000d6f00000)
  object space 171520K, 42% used [0x0000000084c00000,0x00000000893753c8,0x000000008f380000)
 Metaspace       used 20662K, capacity 20928K, committed 21376K, reserved 1069056K
  class space    used 2484K, capacity 2574K, committed 2688K, reserved 1048576K
GC Heap History (10 events):
Event: 94,052 GC heap before
{Heap before GC invocations=8 (full 1):
 PSYoungGen      total 67072K, used 63584K [0x00000000d6f00000, 0x00000000db400000, 0x0000000100000000)
  eden space 63488K, 100% used [0x00000000d6f00000,0x00000000dad00000,0x00000000dad00000)
  from space 3584K, 2% used [0x00000000db080000,0x00000000db098000,0x00000000db400000)
  to   space 3584K, 0% used [0x00000000dad00000,0x00000000dad00000,0x00000000db080000)
 ParOldGen       total 117760K, used 46955K [0x0000000084c00000, 0x000000008bf00000, 0x00000000d6f00000)
  object space 117760K, 39% used [0x0000000084c00000,0x00000000879dad00,0x000000008bf00000)
 Metaspace       used 15991K, capacity 16218K, committed 16640K, reserved 1064960K
  class space    used 1868K, capacity 1965K, committed 2048K, reserved 1048576K
Event: 94,054 GC heap after
Heap after GC invocations=8 (full 1):
 PSYoungGen      total 67072K, used 96K [0x00000000d6f00000, 0x00000000df180000, 0x0000000100000000)
  eden space 63488K, 0% used [0x00000000d6f00000,0x00000000d6f00000,0x00000000dad00000)
  from space 3584K, 2% used [0x00000000dad00000,0x00000000dad18000,0x00000000db080000)
  to   space 3584K, 0% used [0x00000000dee00000,0x00000000dee00000,0x00000000df180000)
 ParOldGen       total 117760K, used 46955K [0x0000000084c00000, 0x000000008bf00000, 0x00000000d6f00000)
  object space 117760K, 39% used [0x0000000084c00000,0x00000000879dad00,0x000000008bf00000)
 Metaspace       used 15991K, capacity 16218K, committed 16640K, reserved 1064960K
  class space    used 1868K, capacity 1965K, committed 2048K, reserved 1048576K
}
Event: 94,126 GC heap before
{Heap before GC invocations=9 (full 1):
 PSYoungGen      total 67072K, used 63584K [0x00000000d6f00000, 0x00000000df180000, 0x0000000100000000)
  eden space 63488K, 100% used [0x00000000d6f00000,0x00000000dad00000,0x00000000dad00000)
  from space 3584K, 2% used [0x00000000dad00000,0x00000000dad18000,0x00000000db080000)
  to   space 3584K, 0% used [0x00000000dee00000,0x00000000dee00000,0x00000000df180000)
 ParOldGen       total 117760K, used 46955K [0x0000000084c00000, 0x000000008bf00000, 0x00000000d6f00000)
  object space 117760K, 39% used [0x0000000084c00000,0x00000000879dad00,0x000000008bf00000)
 Metaspace       used 15991K, capacity 16218K, committed 16640K, reserved 1064960K
  class space    used 1868K, capacity 1965K, committed 2048K, reserved 1048576K
Event: 94,133 GC heap after
Heap after GC invocations=9 (full 1):
 PSYoungGen      total 130048K, used 96K [0x00000000d6f00000, 0x00000000df100000, 0x0000000100000000)
  eden space 126976K, 0% used [0x00000000d6f00000,0x00000000d6f00000,0x00000000deb00000)
  from space 3072K, 3% used [0x00000000dee00000,0x00000000dee18000,0x00000000df100000)
  to   space 3072K, 0% used [0x00000000deb00000,0x00000000deb00000,0x00000000dee00000)
 ParOldGen       total 117760K, used 46971K [0x0000000084c00000, 0x000000008bf00000, 0x00000000d6f00000)
  object space 117760K, 39% used [0x0000000084c00000,0x00000000879ded00,0x000000008bf00000)
 Metaspace       used 15991K, capacity 16218K, committed 16640K, reserved 1064960K
  class space    used 1868K, capacity 1965K, committed 2048K, reserved 1048576K
}
Event: 94,315 GC heap before
{Heap before GC invocations=10 (full 1):
 PSYoungGen      total 130048K, used 127072K [0x00000000d6f00000, 0x00000000df100000, 0x0000000100000000)
  eden space 126976K, 100% used [0x00000000d6f00000,0x00000000deb00000,0x00000000deb00000)
  from space 3072K, 3% used [0x00000000dee00000,0x00000000dee18000,0x00000000df100000)
  to   space 3072K, 0% used [0x00000000deb00000,0x00000000deb00000,0x00000000dee00000)
 ParOldGen       total 117760K, used 46971K [0x0000000084c00000, 0x000000008bf00000, 0x00000000d6f00000)
  object space 117760K, 39% used [0x0000000084c00000,0x00000000879ded00,0x000000008bf00000)
 Metaspace       used 15991K, capacity 16218K, committed 16640K, reserved 1064960K
  class space    used 1868K, capacity 1965K, committed 2048K, reserved 1048576K
Event: 94,316 GC heap after
Heap after GC invocations=10 (full 1):
 PSYoungGen      total 130048K, used 32K [0x00000000d6f00000, 0x00000000e3b00000, 0x0000000100000000)
  eden space 126976K, 0% used [0x00000000d6f00000,0x00000000d6f00000,0x00000000deb00000)
  from space 3072K, 1% used [0x00000000deb00000,0x00000000deb08000,0x00000000dee00000)
  to   space 3072K, 0% used [0x00000000e3800000,0x00000000e3800000,0x00000000e3b00000)
 ParOldGen       total 117760K, used 46987K [0x0000000084c00000, 0x000000008bf00000, 0x00000000d6f00000)
  object space 117760K, 39% used [0x0000000084c00000,0x00000000879e2d00,0x000000008bf00000)
 Metaspace       used 15991K, capacity 16218K, committed 16640K, reserved 1064960K
  class space    used 1868K, capacity 1965K, committed 2048K, reserved 1048576K
}
Event: 94,775 GC heap before
{Heap before GC invocations=11 (full 1):
 PSYoungGen      total 130048K, used 127008K [0x00000000d6f00000, 0x00000000e3b00000, 0x0000000100000000)
  eden space 126976K, 100% used [0x00000000d6f00000,0x00000000deb00000,0x00000000deb00000)
  from space 3072K, 1% used [0x00000000deb00000,0x00000000deb08000,0x00000000dee00000)
  to   space 3072K, 0% used [0x00000000e3800000,0x00000000e3800000,0x00000000e3b00000)
 ParOldGen       total 117760K, used 46987K [0x0000000084c00000, 0x000000008bf00000, 0x00000000d6f00000)
  object space 117760K, 39% used [0x0000000084c00000,0x00000000879e2d00,0x000000008bf00000)
 Metaspace       used 16057K, capacity 16282K, committed 16640K, reserved 1064960K
  class space    used 1873K, capacity 1965K, committed 2048K, reserved 1048576K
Event: 94,807 GC heap after
Heap after GC invocations=11 (full 1):
 PSYoungGen      total 205824K, used 160K [0x00000000d6f00000, 0x00000000e3b80000, 0x0000000100000000)
  eden space 202752K, 0% used [0x00000000d6f00000,0x00000000d6f00000,0x00000000e3500000)
  from space 3072K, 5% used [0x00000000e3800000,0x00000000e3828000,0x00000000e3b00000)
  to   space 3072K, 0% used [0x00000000e3500000,0x00000000e3500000,0x00000000e3800000)
 ParOldGen       total 189440K, used 153504K [0x0000000084c00000, 0x0000000090500000, 0x00000000d6f00000)
  object space 189440K, 81% used [0x0000000084c00000,0x000000008e1e8268,0x0000000090500000)
 Metaspace       used 16057K, capacity 16282K, committed 16640K, reserved 1064960K
  class space    used 1873K, capacity 1965K, committed 2048K, reserved 1048576K
}
Event: 94,807 GC heap before
{Heap before GC invocations=12 (full 2):
 PSYoungGen      total 205824K, used 160K [0x00000000d6f00000, 0x00000000e3b80000, 0x0000000100000000)
  eden space 202752K, 0% used [0x00000000d6f00000,0x00000000d6f00000,0x00000000e3500000)
  from space 3072K, 5% used [0x00000000e3800000,0x00000000e3828000,0x00000000e3b00000)
  to   space 3072K, 0% used [0x00000000e3500000,0x00000000e3500000,0x00000000e3800000)
 ParOldGen       total 189440K, used 153504K [0x0000000084c00000, 0x0000000090500000, 0x00000000d6f00000)
  object space 189440K, 81% used [0x0000000084c00000,0x000000008e1e8268,0x0000000090500000)
 Metaspace       used 16057K, capacity 16282K, committed 16640K, reserved 1064960K
  class space    used 1873K, capacity 1965K, committed 2048K, reserved 1048576K
Event: 94,832 GC heap after
Heap after GC invocations=12 (full 2):
 PSYoungGen      total 205824K, used 0K [0x00000000d6f00000, 0x00000000e3b80000, 0x0000000100000000)
  eden space 202752K, 0% used [0x00000000d6f00000,0x00000000d6f00000,0x00000000e3500000)
  from space 3072K, 0% used [0x00000000e3800000,0x00000000e3800000,0x00000000e3b00000)
  to   space 3072K, 0% used [0x00000000e3500000,0x00000000e3500000,0x00000000e3800000)
 ParOldGen       total 171520K, used 73172K [0x0000000084c00000, 0x000000008f380000, 0x00000000d6f00000)
  object space 171520K, 42% used [0x0000000084c00000,0x00000000893753c8,0x000000008f380000)
 Metaspace       used 16057K, capacity 16282K, committed 16640K, reserved 1064960K
  class space    used 1873K, capacity 1965K, committed 2048K, reserved 1048576K
}

