# JRE version: OpenJDK Runtime Environment (8.0_131-b11) (build 1.8.0_131-8u131-b11-2ubuntu1.16.04.2-b11)
# Java VM: OpenJDK 64-Bit Server VM (25.131-b11 mixed mode linux-amd64 compressed oops)
Heap:
 PSYoungGen      total 223744K, used 56177K [0x00000000d6f00000, 0x00000000ec580000, 0x0000000100000000)
  eden space 221184K, 25% used [0x00000000d6f00000,0x00000000da5dc718,0x00000000e4700000)
  from space 2560K, 0% used [0x00000000e4700000,0x00000000e4700000,0x00000000e4980000)
  to   space 2048K, 0% used [0x00000000ec380000,0x00000000ec380000,0x00000000ec580000)
 ParOldGen       total 181248K, used 73113K [0x0000000084c00000, 0x000000008fd00000, 0x00000000d6f00000)
  object space 181248K, 40% used [0x0000000084c00000,0x0000000089366748,0x000000008fd00000)
 Metaspace       used 20150K, capacity 20408K, committed 20608K, reserved 1067008K
  class space    used 2473K, capacity 2574K, committed 2688K, reserved 1048576K
GC Heap History (10 events):
Event: 27,450 GC heap before
{Heap before GC invocations=7 (full 1):
 PSYoungGen      total 65536K, used 60448K [0x00000000d6f00000, 0x00000000de600000, 0x0000000100000000)
  eden space 60416K, 100% used [0x00000000d6f00000,0x00000000daa00000,0x00000000daa00000)
  from space 5120K, 0% used [0x00000000daa00000,0x00000000daa08000,0x00000000daf00000)
  to   space 3072K, 0% used [0x00000000de300000,0x00000000de300000,0x00000000de600000)
 ParOldGen       total 110080K, used 46954K [0x0000000084c00000, 0x000000008b780000, 0x00000000d6f00000)
  object space 110080K, 42% used [0x0000000084c00000,0x00000000879dab18,0x000000008b780000)
 Metaspace       used 15450K, capacity 15666K, committed 15872K, reserved 1062912K
  class space    used 1856K, capacity 1933K, committed 2048K, reserved 1048576K
Event: 27,451 GC heap after
Heap after GC invocations=7 (full 1):
 PSYoungGen      total 117760K, used 64K [0x00000000d6f00000, 0x00000000de500000, 0x0000000100000000)
  eden space 115712K, 0% used [0x00000000d6f00000,0x00000000d6f00000,0x00000000de000000)
  from space 2048K, 3% used [0x00000000de300000,0x00000000de310000,0x00000000de500000)
  to   space 2560K, 0% used [0x00000000de000000,0x00000000de000000,0x00000000de280000)
 ParOldGen       total 110080K, used 46954K [0x0000000084c00000, 0x000000008b780000, 0x00000000d6f00000)
  object space 110080K, 42% used [0x0000000084c00000,0x00000000879dab18,0x000000008b780000)
 Metaspace       used 15450K, capacity 15666K, committed 15872K, reserved 1062912K
  class space    used 1856K, capacity 1933K, committed 2048K, reserved 1048576K
}
Event: 27,587 GC heap before
{Heap before GC invocations=8 (full 1):
 PSYoungGen      total 117760K, used 115776K [0x00000000d6f00000, 0x00000000de500000, 0x0000000100000000)
  eden space 115712K, 100% used [0x00000000d6f00000,0x00000000de000000,0x00000000de000000)
  from space 2048K, 3% used [0x00000000de300000,0x00000000de310000,0x00000000de500000)
  to   space 2560K, 0% used [0x00000000de000000,0x00000000de000000,0x00000000de280000)
 ParOldGen       total 110080K, used 46954K [0x0000000084c00000, 0x000000008b780000, 0x00000000d6f00000)
  object space 110080K, 42% used [0x0000000084c00000,0x00000000879dab18,0x000000008b780000)
 Metaspace       used 15450K, capacity 15666K, committed 15872K, reserved 1062912K
  class space    used 1856K, capacity 1933K, committed 2048K, reserved 1048576K
Event: 27,589 GC heap after
Heap after GC invocations=8 (full 1):
 PSYoungGen      total 118272K, used 64K [0x00000000d6f00000, 0x00000000e4c80000, 0x0000000100000000)
  eden space 115712K, 0% used [0x00000000d6f00000,0x00000000d6f00000,0x00000000de000000)
  from space 2560K, 2% used [0x00000000de000000,0x00000000de010000,0x00000000de280000)
  to   space 2560K, 0% used [0x00000000e4a00000,0x00000000e4a00000,0x00000000e4c80000)
 ParOldGen       total 110080K, used 46970K [0x0000000084c00000, 0x000000008b780000, 0x00000000d6f00000)
  object space 110080K, 42% used [0x0000000084c00000,0x00000000879deb18,0x000000008b780000)
 Metaspace       used 15450K, capacity 15666K, committed 15872K, reserved 1062912K
  class space    used 1856K, capacity 1933K, committed 2048K, reserved 1048576K
}
Event: 27,743 GC heap before
{Heap before GC invocations=9 (full 1):
 PSYoungGen      total 118272K, used 106233K [0x00000000d6f00000, 0x00000000e4c80000, 0x0000000100000000)
  eden space 115712K, 91% used [0x00000000d6f00000,0x00000000dd6ae640,0x00000000de000000)
  from space 2560K, 2% used [0x00000000de000000,0x00000000de010000,0x00000000de280000)
  to   space 2560K, 0% used [0x00000000e4a00000,0x00000000e4a00000,0x00000000e4c80000)
 ParOldGen       total 110080K, used 46970K [0x0000000084c00000, 0x000000008b780000, 0x00000000d6f00000)
  object space 110080K, 42% used [0x0000000084c00000,0x00000000879deb18,0x000000008b780000)
 Metaspace       used 15450K, capacity 15666K, committed 15872K, reserved 1062912K
  class space    used 1856K, capacity 1933K, committed 2048K, reserved 1048576K
Event: 27,745 GC heap after
Heap after GC invocations=9 (full 1):
 PSYoungGen      total 223232K, used 128K [0x00000000d6f00000, 0x00000000e4c00000, 0x0000000100000000)
  eden space 221184K, 0% used [0x00000000d6f00000,0x00000000d6f00000,0x00000000e4700000)
  from space 2048K, 6% used [0x00000000e4a00000,0x00000000e4a20000,0x00000000e4c00000)
  to   space 2560K, 0% used [0x00000000e4700000,0x00000000e4700000,0x00000000e4980000)
 ParOldGen       total 110080K, used 46970K [0x0000000084c00000, 0x000000008b780000, 0x00000000d6f00000)
  object space 110080K, 42% used [0x0000000084c00000,0x00000000879deb18,0x000000008b780000)
 Metaspace       used 15450K, capacity 15666K, committed 15872K, reserved 1062912K
  class space    used 1856K, capacity 1933K, committed 2048K, reserved 1048576K
}
Event: 28,282 GC heap before
{Heap before GC invocations=10 (full 1):
 PSYoungGen      total 223232K, used 221312K [0x00000000d6f00000, 0x00000000e4c00000, 0x0000000100000000)
  eden space 221184K, 100% used [0x00000000d6f00000,0x00000000e4700000,0x00000000e4700000)
  from space 2048K, 6% used [0x00000000e4a00000,0x00000000e4a20000,0x00000000e4c00000)
  to   space 2560K, 0% used [0x00000000e4700000,0x00000000e4700000,0x00000000e4980000)
 ParOldGen       total 110080K, used 46970K [0x0000000084c00000, 0x000000008b780000, 0x00000000d6f00000)
  object space 110080K, 42% used [0x0000000084c00000,0x00000000879deb18,0x000000008b780000)
 Metaspace       used 15534K, capacity 15730K, committed 16128K, reserved 1062912K
  class space    used 1861K, capacity 1933K, committed 2048K, reserved 1048576K
Event: 28,305 GC heap after
Heap after GC invocations=10 (full 1):
 PSYoungGen      total 223744K, used 160K [0x00000000d6f00000, 0x00000000ec580000, 0x0000000100000000)
  eden space 221184K, 0% used [0x00000000d6f00000,0x00000000d6f00000,0x00000000e4700000)
  from space 2560K, 6% used [0x00000000e4700000,0x00000000e4728000,0x00000000e4980000)
  to   space 2048K, 0% used [0x00000000ec380000,0x00000000ec380000,0x00000000ec580000)
 ParOldGen       total 181760K, used 153488K [0x0000000084c00000, 0x000000008fd80000, 0x00000000d6f00000)
  object space 181760K, 84% used [0x0000000084c00000,0x000000008e1e4080,0x000000008fd80000)
 Metaspace       used 15534K, capacity 15730K, committed 16128K, reserved 1062912K
  class space    used 1861K, capacity 1933K, committed 2048K, reserved 1048576K
}
Event: 28,305 GC heap before
{Heap before GC invocations=11 (full 2):
 PSYoungGen      total 223744K, used 160K [0x00000000d6f00000, 0x00000000ec580000, 0x0000000100000000)
  eden space 221184K, 0% used [0x00000000d6f00000,0x00000000d6f00000,0x00000000e4700000)
  from space 2560K, 6% used [0x00000000e4700000,0x00000000e4728000,0x00000000e4980000)
  to   space 2048K, 0% used [0x00000000ec380000,0x00000000ec380000,0x00000000ec580000)
 ParOldGen       total 181760K, used 153488K [0x0000000084c00000, 0x000000008fd80000, 0x00000000d6f00000)
  object space 181760K, 84% used [0x0000000084c00000,0x000000008e1e4080,0x000000008fd80000)
 Metaspace       used 15534K, capacity 15730K, committed 16128K, reserved 1062912K
  class space    used 1861K, capacity 1933K, committed 2048K, reserved 1048576K
Event: 28,328 GC heap after
Heap after GC invocations=11 (full 2):
 PSYoungGen      total 223744K, used 0K [0x00000000d6f00000, 0x00000000ec580000, 0x0000000100000000)
  eden space 221184K, 0% used [0x00000000d6f00000,0x00000000d6f00000,0x00000000e4700000)
  from space 2560K, 0% used [0x00000000e4700000,0x00000000e4700000,0x00000000e4980000)
  to   space 2048K, 0% used [0x00000000ec380000,0x00000000ec380000,0x00000000ec580000)
 ParOldGen       total 181248K, used 73113K [0x0000000084c00000, 0x000000008fd00000, 0x00000000d6f00000)
  object space 181248K, 40% used [0x0000000084c00000,0x0000000089366748,0x000000008fd00000)
 Metaspace       used 15534K, capacity 15730K, committed 16128K, reserved 1062912K
  class space    used 1861K, capacity 1933K, committed 2048K, reserved 1048576K
}

