# JRE version: OpenJDK Runtime Environment (8.0_131-b11) (build 1.8.0_131-8u131-b11-2ubuntu1.16.04.2-b11)
# Java VM: OpenJDK 64-Bit Server VM (25.131-b11 mixed mode linux-amd64 compressed oops)
Heap:
 PSYoungGen      total 377856K, used 331342K [0x00000000d6f00000, 0x00000000ee200000, 0x0000000100000000)
  eden space 375808K, 88% used [0x00000000d6f00000,0x00000000eb293b88,0x00000000ede00000)
  from space 2048K, 0% used [0x00000000ee000000,0x00000000ee000000,0x00000000ee200000)
  to   space 2048K, 0% used [0x00000000ede00000,0x00000000ede00000,0x00000000ee000000)
 ParOldGen       total 214016K, used 73125K [0x0000000084c00000, 0x0000000091d00000, 0x00000000d6f00000)
  object space 214016K, 34% used [0x0000000084c00000,0x0000000089369718,0x0000000091d00000)
 Metaspace       used 20130K, capacity 20352K, committed 20608K, reserved 1067008K
  class space    used 2469K, capacity 2574K, committed 2688K, reserved 1048576K
GC Heap History (10 events):
Event: 27,439 GC heap before
{Heap before GC invocations=9 (full 1):
 PSYoungGen      total 125440K, used 93267K [0x00000000d6f00000, 0x00000000e5e80000, 0x0000000100000000)
  eden space 122880K, 75% used [0x00000000d6f00000,0x00000000dc9f4c28,0x00000000de700000)
  from space 2560K, 5% used [0x00000000de700000,0x00000000de720000,0x00000000de980000)
  to   space 2560K, 0% used [0x00000000e5c00000,0x00000000e5c00000,0x00000000e5e80000)
 ParOldGen       total 110080K, used 46880K [0x0000000084c00000, 0x000000008b780000, 0x00000000d6f00000)
  object space 110080K, 42% used [0x0000000084c00000,0x00000000879c83c8,0x000000008b780000)
 Metaspace       used 15260K, capacity 15482K, committed 15872K, reserved 1062912K
  class space    used 1838K, capacity 1933K, committed 2048K, reserved 1048576K
Event: 27,441 GC heap after
Heap after GC invocations=9 (full 1):
 PSYoungGen      total 242688K, used 160K [0x00000000d6f00000, 0x00000000e5e80000, 0x0000000100000000)
  eden space 240128K, 0% used [0x00000000d6f00000,0x00000000d6f00000,0x00000000e5980000)
  from space 2560K, 6% used [0x00000000e5c00000,0x00000000e5c28000,0x00000000e5e80000)
  to   space 2560K, 0% used [0x00000000e5980000,0x00000000e5980000,0x00000000e5c00000)
 ParOldGen       total 110080K, used 46888K [0x0000000084c00000, 0x000000008b780000, 0x00000000d6f00000)
  object space 110080K, 42% used [0x0000000084c00000,0x00000000879ca3c8,0x000000008b780000)
 Metaspace       used 15260K, capacity 15482K, committed 15872K, reserved 1062912K
  class space    used 1838K, capacity 1933K, committed 2048K, reserved 1048576K
}
Event: 38,812 GC heap before
{Heap before GC invocations=10 (full 1):
 PSYoungGen      total 242688K, used 240288K [0x00000000d6f00000, 0x00000000e5e80000, 0x0000000100000000)
  eden space 240128K, 100% used [0x00000000d6f00000,0x00000000e5980000,0x00000000e5980000)
  from space 2560K, 6% used [0x00000000e5c00000,0x00000000e5c28000,0x00000000e5e80000)
  to   space 2560K, 0% used [0x00000000e5980000,0x00000000e5980000,0x00000000e5c00000)
 ParOldGen       total 110080K, used 46888K [0x0000000084c00000, 0x000000008b780000, 0x00000000d6f00000)
  object space 110080K, 42% used [0x0000000084c00000,0x00000000879ca3c8,0x000000008b780000)
 Metaspace       used 15478K, capacity 15674K, committed 16128K, reserved 1062912K
  class space    used 1857K, capacity 1933K, committed 2048K, reserved 1048576K
Event: 38,837 GC heap after
Heap after GC invocations=10 (full 1):
 PSYoungGen      total 242688K, used 224K [0x00000000d6f00000, 0x00000000ee200000, 0x0000000100000000)
  eden space 240128K, 0% used [0x00000000d6f00000,0x00000000d6f00000,0x00000000e5980000)
  from space 2560K, 8% used [0x00000000e5980000,0x00000000e59b8000,0x00000000e5c00000)
  to   space 2048K, 0% used [0x00000000ee000000,0x00000000ee000000,0x00000000ee200000)
 ParOldGen       total 181760K, used 153406K [0x0000000084c00000, 0x000000008fd80000, 0x00000000d6f00000)
  object space 181760K, 84% used [0x0000000084c00000,0x000000008e1cf930,0x000000008fd80000)
 Metaspace       used 15478K, capacity 15674K, committed 16128K, reserved 1062912K
  class space    used 1857K, capacity 1933K, committed 2048K, reserved 1048576K
}
Event: 38,837 GC heap before
{Heap before GC invocations=11 (full 2):
 PSYoungGen      total 242688K, used 224K [0x00000000d6f00000, 0x00000000ee200000, 0x0000000100000000)
  eden space 240128K, 0% used [0x00000000d6f00000,0x00000000d6f00000,0x00000000e5980000)
  from space 2560K, 8% used [0x00000000e5980000,0x00000000e59b8000,0x00000000e5c00000)
  to   space 2048K, 0% used [0x00000000ee000000,0x00000000ee000000,0x00000000ee200000)
 ParOldGen       total 181760K, used 153406K [0x0000000084c00000, 0x000000008fd80000, 0x00000000d6f00000)
  object space 181760K, 84% used [0x0000000084c00000,0x000000008e1cf930,0x000000008fd80000)
 Metaspace       used 15478K, capacity 15674K, committed 16128K, reserved 1062912K
  class space    used 1857K, capacity 1933K, committed 2048K, reserved 1048576K
Event: 38,858 GC heap after
Heap after GC invocations=11 (full 2):
 PSYoungGen      total 242688K, used 0K [0x00000000d6f00000, 0x00000000ee200000, 0x0000000100000000)
  eden space 240128K, 0% used [0x00000000d6f00000,0x00000000d6f00000,0x00000000e5980000)
  from space 2560K, 0% used [0x00000000e5980000,0x00000000e5980000,0x00000000e5c00000)
  to   space 2048K, 0% used [0x00000000ee000000,0x00000000ee000000,0x00000000ee200000)
 ParOldGen       total 173056K, used 73128K [0x0000000084c00000, 0x000000008f500000, 0x00000000d6f00000)
  object space 173056K, 42% used [0x0000000084c00000,0x000000008936a1c0,0x000000008f500000)
 Metaspace       used 15478K, capacity 15674K, committed 16128K, reserved 1062912K
  class space    used 1857K, capacity 1933K, committed 2048K, reserved 1048576K
}
Event: 39,407 GC heap before
{Heap before GC invocations=12 (full 2):
 PSYoungGen      total 242688K, used 240128K [0x00000000d6f00000, 0x00000000ee200000, 0x0000000100000000)
  eden space 240128K, 100% used [0x00000000d6f00000,0x00000000e5980000,0x00000000e5980000)
  from space 2560K, 0% used [0x00000000e5980000,0x00000000e5980000,0x00000000e5c00000)
  to   space 2048K, 0% used [0x00000000ee000000,0x00000000ee000000,0x00000000ee200000)
 ParOldGen       total 173056K, used 73128K [0x0000000084c00000, 0x000000008f500000, 0x00000000d6f00000)
  object space 173056K, 42% used [0x0000000084c00000,0x000000008936a1c0,0x000000008f500000)
 Metaspace       used 15510K, capacity 15674K, committed 16128K, reserved 1062912K
  class space    used 1858K, capacity 1933K, committed 2048K, reserved 1048576K
Event: 39,428 GC heap after
Heap after GC invocations=12 (full 2):
 PSYoungGen      total 377856K, used 160K [0x00000000d6f00000, 0x00000000ee200000, 0x0000000100000000)
  eden space 375808K, 0% used [0x00000000d6f00000,0x00000000d6f00000,0x00000000ede00000)
  from space 2048K, 7% used [0x00000000ee000000,0x00000000ee028000,0x00000000ee200000)
  to   space 2048K, 0% used [0x00000000ede00000,0x00000000ede00000,0x00000000ee000000)
 ParOldGen       total 208896K, used 179637K [0x0000000084c00000, 0x0000000091800000, 0x00000000d6f00000)
  object space 208896K, 85% used [0x0000000084c00000,0x000000008fb6d728,0x0000000091800000)
 Metaspace       used 15510K, capacity 15674K, committed 16128K, reserved 1062912K
  class space    used 1858K, capacity 1933K, committed 2048K, reserved 1048576K
}
Event: 39,428 GC heap before
{Heap before GC invocations=13 (full 3):
 PSYoungGen      total 377856K, used 160K [0x00000000d6f00000, 0x00000000ee200000, 0x0000000100000000)
  eden space 375808K, 0% used [0x00000000d6f00000,0x00000000d6f00000,0x00000000ede00000)
  from space 2048K, 7% used [0x00000000ee000000,0x00000000ee028000,0x00000000ee200000)
  to   space 2048K, 0% used [0x00000000ede00000,0x00000000ede00000,0x00000000ee000000)
 ParOldGen       total 208896K, used 179637K [0x0000000084c00000, 0x0000000091800000, 0x00000000d6f00000)
  object space 208896K, 85% used [0x0000000084c00000,0x000000008fb6d728,0x0000000091800000)
 Metaspace       used 15510K, capacity 15674K, committed 16128K, reserved 1062912K
  class space    used 1858K, capacity 1933K, committed 2048K, reserved 1048576K
Event: 39,465 GC heap after
Heap after GC invocations=13 (full 3):
 PSYoungGen      total 377856K, used 0K [0x00000000d6f00000, 0x00000000ee200000, 0x0000000100000000)
  eden space 375808K, 0% used [0x00000000d6f00000,0x00000000d6f00000,0x00000000ede00000)
  from space 2048K, 0% used [0x00000000ee000000,0x00000000ee000000,0x00000000ee200000)
  to   space 2048K, 0% used [0x00000000ede00000,0x00000000ede00000,0x00000000ee000000)
 ParOldGen       total 214016K, used 73125K [0x0000000084c00000, 0x0000000091d00000, 0x00000000d6f00000)
  object space 214016K, 34% used [0x0000000084c00000,0x0000000089369718,0x0000000091d00000)
 Metaspace       used 15510K, capacity 15674K, committed 16128K, reserved 1062912K
  class space    used 1858K, capacity 1933K, committed 2048K, reserved 1048576K
}

